C:\USERS\ADMIN\WORKSPACE_CPLUSPLUS\FLYGUI\FLYGUI\RELEASE\FLYGUI.PCH
C:\USERS\ADMIN\WORKSPACE_CPLUSPLUS\FLYGUI\FLYGUI\RELEASE\STDAFX.OBJ
C:\USERS\ADMIN\WORKSPACE_CPLUSPLUS\FLYGUI\FLYGUI\RELEASE\VC110.PDB
C:\USERS\ADMIN\WORKSPACE_CPLUSPLUS\FLYGUI\FLYGUI\RELEASE\SETDEBUG.OBJ
C:\USERS\ADMIN\WORKSPACE_CPLUSPLUS\FLYGUI\FLYGUI\RELEASE\GETBASEADDRESS.OBJ
C:\USERS\ADMIN\WORKSPACE_CPLUSPLUS\FLYGUI\FLYGUI\RELEASE\FLYGUI.OBJ
C:\USERS\ADMIN\WORKSPACE_CPLUSPLUS\FLYGUI\FLYGUI\RELEASE\ASSEMBLYINFO.OBJ
C:\Users\Admin\workspace_cplusplus\flyGui\flyGui\Release\flyGui.Form1.resources
C:\USERS\ADMIN\WORKSPACE_CPLUSPLUS\FLYGUI\RELEASE\FLYGUI.EXE
C:\USERS\ADMIN\WORKSPACE_CPLUSPLUS\FLYGUI\RELEASE\FLYGUI.PDB
C:\USERS\ADMIN\WORKSPACE_CPLUSPLUS\FLYGUI\FLYGUI\RELEASE\APP.RES
C:\Users\Admin\workspace_cplusplus\flyGui\flyGui\Release\flyGui.vcxproj.GenerateResource.Cache
C:\Users\Admin\workspace_cplusplus\flyGui\flyGui\Release\AssemblyInfo.obj
C:\Users\Admin\workspace_cplusplus\flyGui\flyGui\Release\flyGui.obj
C:\Users\Admin\workspace_cplusplus\flyGui\flyGui\Release\getbaseaddress.obj
C:\Users\Admin\workspace_cplusplus\flyGui\flyGui\Release\setdebug.obj
C:\Users\Admin\workspace_cplusplus\flyGui\flyGui\Release\stdafx.obj
C:\Users\Admin\workspace_cplusplus\flyGui\flyGui\Release\cl.command.1.tlog
C:\Users\Admin\workspace_cplusplus\flyGui\flyGui\Release\CL.read.1.tlog
C:\Users\Admin\workspace_cplusplus\flyGui\flyGui\Release\CL.write.1.tlog
C:\Users\Admin\workspace_cplusplus\flyGui\flyGui\Release\flyGui.write.1.tlog
C:\Users\Admin\workspace_cplusplus\flyGui\flyGui\Release\link-cvtres.read.1.tlog
C:\Users\Admin\workspace_cplusplus\flyGui\flyGui\Release\link-cvtres.write.1.tlog
C:\Users\Admin\workspace_cplusplus\flyGui\flyGui\Release\link-mt.read.1.tlog
C:\Users\Admin\workspace_cplusplus\flyGui\flyGui\Release\link-mt.write.1.tlog
C:\Users\Admin\workspace_cplusplus\flyGui\flyGui\Release\link-rc.read.1.tlog
C:\Users\Admin\workspace_cplusplus\flyGui\flyGui\Release\link-rc.write.1.tlog
C:\Users\Admin\workspace_cplusplus\flyGui\flyGui\Release\link.command.1.tlog
C:\Users\Admin\workspace_cplusplus\flyGui\flyGui\Release\link.read.1.tlog
C:\Users\Admin\workspace_cplusplus\flyGui\flyGui\Release\link.write.1.tlog
C:\Users\Admin\workspace_cplusplus\flyGui\flyGui\Release\metagen.read.1.tlog
C:\Users\Admin\workspace_cplusplus\flyGui\flyGui\Release\metagen.write.1.tlog
C:\Users\Admin\workspace_cplusplus\flyGui\flyGui\Release\rc.command.1.tlog
C:\Users\Admin\workspace_cplusplus\flyGui\flyGui\Release\rc.read.1.tlog
C:\Users\Admin\workspace_cplusplus\flyGui\flyGui\Release\rc.write.1.tlog
C:\Users\Admin\workspace_cplusplus\flyGui\flyGui\Release\app.res
C:\Users\Admin\workspace_cplusplus\flyGui\flyGui\Release\flyGui.pch
C:\Users\Admin\workspace_cplusplus\flyGui\flyGui\Release\vc110.pdb
C:\Users\Admin\workspace_cplusplus\flyGui\flyGui\Release\RSAENH.DLL.bi
C:\Users\Admin\workspace_cplusplus\flyGui\flyGui\Release\TZRES.DLL.bi
C:\Users\Admin\workspace_cplusplus\flyGui\Release\flyGui.pdb
C:\Users\Admin\workspace_cplusplus\flyGui\Release\flyGui.exe
