Build started 5/13/2014 9:31:24 AM.
     1>Project "C:\workspace_c++\flyGui\flyGui\flyGui.vcxproj" on node 2 (build target(s)).
     1>InitializeBuildStatus:
         Creating "Release\flyGui.unsuccessfulbuild" because "AlwaysCreate" was specified.
       ClCompile:
         c:\Program Files (x86)\Microsoft Visual Studio 10.0\VC\bin\CL.exe /c /AI"C:\Program Files (x86)\Reference Assemblies\Microsoft\Framework\v3.5\\" /AIC:\Windows\Microsoft.NET\Framework\v3.5\ /AI"C:\Program Files (x86)\Reference Assemblies\Microsoft\Framework\v3.0\\" /AIC:\Windows\Microsoft.NET\Framework\v3.0\ /AIC:\Windows\Microsoft.NET\Framework\v2.0.50727\ /Zi /clr /nologo /W3 /WX- /O2 /Oy- /D WIN32 /D NDEBUG /D _UNICODE /D UNICODE /EHa /MD /GS /fp:precise /Zc:wchar_t /Zc:forScope /Yc"StdAfx.h" /Fp"Release\flyGui.pch" /Fo"Release\\" /Fd"Release\vc100.pdb" /TP /FU"C:\Program Files (x86)\Reference Assemblies\Microsoft\Framework\v3.5\System.Core.dll" /FUC:\Windows\Microsoft.NET\Framework\v2.0.50727\System.Data.dll /FUC:\Windows\Microsoft.NET\Framework\v2.0.50727\System.dll /FUC:\Windows\Microsoft.NET\Framework\v2.0.50727\System.Drawing.dll /FUC:\Windows\Microsoft.NET\Framework\v2.0.50727\System.Windows.Forms.dll /FUC:\Windows\Microsoft.NET\Framework\v2.0.50727\System.Xml.dll /analyze- /errorReport:prompt stdafx.cpp /d1clr:nostdlib 
         stdafx.cpp
         c:\Program Files (x86)\Microsoft Visual Studio 10.0\VC\bin\CL.exe /c /AI"C:\Program Files (x86)\Reference Assemblies\Microsoft\Framework\v3.5\\" /AIC:\Windows\Microsoft.NET\Framework\v3.5\ /AI"C:\Program Files (x86)\Reference Assemblies\Microsoft\Framework\v3.0\\" /AIC:\Windows\Microsoft.NET\Framework\v3.0\ /AIC:\Windows\Microsoft.NET\Framework\v2.0.50727\ /Zi /clr /nologo /W3 /WX- /O2 /Oy- /D WIN32 /D NDEBUG /D _UNICODE /D UNICODE /EHa /MD /GS /fp:precise /Zc:wchar_t /Zc:forScope /Yu"StdAfx.h" /Fp"Release\flyGui.pch" /Fo"Release\\" /Fd"Release\vc100.pdb" /TP /FU"C:\Program Files (x86)\Reference Assemblies\Microsoft\Framework\v3.5\System.Core.dll" /FUC:\Windows\Microsoft.NET\Framework\v2.0.50727\System.Data.dll /FUC:\Windows\Microsoft.NET\Framework\v2.0.50727\System.dll /FUC:\Windows\Microsoft.NET\Framework\v2.0.50727\System.Drawing.dll /FUC:\Windows\Microsoft.NET\Framework\v2.0.50727\System.Windows.Forms.dll /FUC:\Windows\Microsoft.NET\Framework\v2.0.50727\System.Xml.dll /analyze- /errorReport:prompt AssemblyInfo.cpp flyGui.cpp getbaseaddress.cpp setdebug.cpp /d1clr:nostdlib 
         AssemblyInfo.cpp
         flyGui.cpp
         getbaseaddress.cpp
         setdebug.cpp
         Generating Code...
       ManagedIncrementalBuildPostProcessDependencyGraph:
         To improve incremental build performance for managed components, please make sure that the 'VC++ Directories->Reference Directories' points to all the paths which contain the referenced managed assemblies.
         Could not load file or assembly 'file:///C:\PROGRAM FILES (X86)\MICROSOFT VISUAL STUDIO 11.0\VC\BIN\1033\CLUI.DLL' or one of its dependencies. The system cannot find the file specified.
       CoreResGen:
         No resources are out of date with respect to their source files. Skipping resource generation.
       ResourceCompile:
         All outputs are up-to-date.
       Link:
         c:\Program Files (x86)\Microsoft Visual Studio 10.0\VC\bin\link.exe /ERRORREPORT:PROMPT /OUT:"C:\workspace_c++\flyGui\Release\flyGui.exe" /INCREMENTAL:NO /NOLOGO /ASSEMBLYRESOURCE:Release\flyGui.Form1.resources /MANIFEST /ManifestFile:"Release\flyGui.exe.intermediate.manifest" /MANIFESTUAC:"level='requireAdministrator' uiAccess='false'" /DEBUG /PDB:"C:\workspace_c++\flyGui\Release\flyGui.pdb" /SUBSYSTEM:WINDOWS /TLBID:1 /ENTRY:"main" /DYNAMICBASE /FIXED:NO /NXCOMPAT /MACHINE:X86 Release\app.res
         Release\AssemblyInfo.obj
         Release\flyGui.obj
         Release\getbaseaddress.obj
         Release\setdebug.obj
         Release\stdafx.obj
         flyGui.vcxproj -> C:\workspace_c++\flyGui\Release\flyGui.exe
       Manifest:
         C:\Program Files (x86)\Microsoft SDKs\Windows\v7.0A\bin\mt.exe /nologo /verbose /outputresource:"C:\workspace_c++\flyGui\Release\flyGui.exe;#1" /manifest Release\flyGui.exe.intermediate.manifest "c:\Program Files (x86)\Microsoft Visual Studio 10.0\VC\Include\Manifest\dpiaware.manifest"
       FinalizeBuildStatus:
         Deleting file "Release\flyGui.unsuccessfulbuild".
         Touching "Release\flyGui.lastbuildstate".
     1>Done Building Project "C:\workspace_c++\flyGui\flyGui\flyGui.vcxproj" (build target(s)).

Build succeeded.

Time Elapsed 00:00:01.85
